   1               		.file	"main.c"
   2               	__SREG__ = 0x3f
   3               	__SP_H__ = 0x3e
   4               	__SP_L__ = 0x3d
   5               	__CCP__  = 0x34
   6               	__tmp_reg__ = 0
   7               	__zero_reg__ = 1
  15               	.Ltext0:
  16               	.global	main
  18               	main:
  19               	.LFB2:
  20               	.LM1:
  21 0000 0F93      		push r16
  22 0002 1F93      		push r17
  23 0004 DF93      		push r29
  24 0006 CF93      		push r28
  25 0008 CDB7      		in r28,__SP_L__
  26 000a DEB7      		in r29,__SP_H__
  27 000c 6C97      		sbiw r28,28
  28 000e 0FB6      		in __tmp_reg__,__SREG__
  29 0010 F894      		cli
  30 0012 DEBF      		out __SP_H__,r29
  31 0014 0FBE      		out __SREG__,__tmp_reg__
  32 0016 CDBF      		out __SP_L__,r28
  33               	/* prologue: function */
  34               	/* frame size = 28 */
  35               	.LM2:
  36 0018 84E0      		ldi r24,lo8(4)
  37 001a 0E94 0000 		call can_init
  38               	.LM3:
  39 001e 80E0      		ldi r24,lo8(can_filter)
  40 0020 90E0      		ldi r25,hi8(can_filter)
  41 0022 0E94 0000 		call can_static_filter
  42               	.LM4:
  43 0026 86E5      		ldi r24,lo8(1193046)
  44 0028 94E3      		ldi r25,hi8(1193046)
  45 002a A2E1      		ldi r26,hlo8(1193046)
  46 002c B0E0      		ldi r27,hhi8(1193046)
  47 002e 8983      		std Y+1,r24
  48 0030 9A83      		std Y+2,r25
  49 0032 AB83      		std Y+3,r26
  50 0034 BC83      		std Y+4,r27
  51               	.LM5:
  52 0036 8D81      		ldd r24,Y+5
  53 0038 8E7F      		andi r24,lo8(-2)
  54               	.LM6:
  55 003a 8260      		ori r24,lo8(2)
  56 003c 8D83      		std Y+5,r24
  57               	.LM7:
  58 003e 84E0      		ldi r24,lo8(4)
  59 0040 8E83      		std Y+6,r24
  60               	.LM8:
  61 0042 8EED      		ldi r24,lo8(-34)
  62 0044 8F83      		std Y+7,r24
  63               	.LM9:
  64 0046 8DEA      		ldi r24,lo8(-83)
  65 0048 8887      		std Y+8,r24
  66               	.LM10:
  67 004a 8EEB      		ldi r24,lo8(-66)
  68 004c 8987      		std Y+9,r24
  69               	.LM11:
  70 004e 8FEE      		ldi r24,lo8(-17)
  71 0050 8A87      		std Y+10,r24
  72               	.LM12:
  73 0052 CE01      		movw r24,r28
  74 0054 0196      		adiw r24,1
  75 0056 0E94 0000 		call can_send_message
  76               	.LBB2:
  77               	.LM13:
  78 005a 8E01      		movw r16,r28
  79 005c 015F      		subi r16,lo8(-(15))
  80 005e 1F4F      		sbci r17,hi8(-(15))
  81               	.L6:
  82               	.LBE2:
  83               	.LM14:
  84 0060 0E94 0000 		call can_check_message
  85 0064 8823      		tst r24
  86 0066 01F0      		breq .L6
  87               	.LBB3:
  88               	.LM15:
  89 0068 C801      		movw r24,r16
  90 006a 0E94 0000 		call can_get_message
  91 006e 8823      		tst r24
  92 0070 01F0      		breq .L6
  93               	.LM16:
  94 0072 8F85      		ldd r24,Y+15
  95 0074 9889      		ldd r25,Y+16
  96 0076 A989      		ldd r26,Y+17
  97 0078 BA89      		ldd r27,Y+18
  98 007a 0A96      		adiw r24,10
  99 007c A11D      		adc r26,__zero_reg__
 100 007e B11D      		adc r27,__zero_reg__
 101 0080 8F87      		std Y+15,r24
 102 0082 988B      		std Y+16,r25
 103 0084 A98B      		std Y+17,r26
 104 0086 BA8B      		std Y+18,r27
 105               	.LM17:
 106 0088 C801      		movw r24,r16
 107 008a 0E94 0000 		call can_send_message
 108 008e 00C0      		rjmp .L6
 109               	.LBE3:
 110               	.LFE2:
 112               	.global	can_filter
 113               		.section	.progmem.data,"a",@progbits
 116               	can_filter:
 117 0000 00        		.byte	0
 118 0001 00        		.byte	0
 119 0002 00        		.byte	0
 120 0003 00        		.byte	0
 121 0004 00        		.byte	0
 122 0005 00        		.byte	0
 123 0006 00        		.byte	0
 124 0007 00        		.byte	0
 125 0008 00        		.byte	0
 126 0009 08        		.byte	8
 127 000a 00        		.byte	0
 128 000b 00        		.byte	0
 129 000c 00        		.byte	0
 130 000d 08        		.byte	8
 131 000e 00        		.byte	0
 132 000f 00        		.byte	0
 133 0010 00        		.byte	0
 134 0011 08        		.byte	8
 135 0012 00        		.byte	0
 136 0013 00        		.byte	0
 137 0014 00        		.byte	0
 138 0015 08        		.byte	8
 139 0016 00        		.byte	0
 140 0017 00        		.byte	0
 141 0018 00        		.byte	0
 142 0019 00        		.byte	0
 143 001a 00        		.byte	0
 144 001b 00        		.byte	0
 145 001c 00        		.byte	0
 146 001d 08        		.byte	8
 147 001e 00        		.byte	0
 148 001f 00        		.byte	0
 173               	.Letext0:
DEFINED SYMBOLS
                            *ABS*:00000000 main.c
C:\Users\ulrich\AppData\Local\Temp/ccQlWNRh.s:2      *ABS*:0000003f __SREG__
C:\Users\ulrich\AppData\Local\Temp/ccQlWNRh.s:3      *ABS*:0000003e __SP_H__
C:\Users\ulrich\AppData\Local\Temp/ccQlWNRh.s:4      *ABS*:0000003d __SP_L__
C:\Users\ulrich\AppData\Local\Temp/ccQlWNRh.s:5      *ABS*:00000034 __CCP__
C:\Users\ulrich\AppData\Local\Temp/ccQlWNRh.s:6      *ABS*:00000000 __tmp_reg__
C:\Users\ulrich\AppData\Local\Temp/ccQlWNRh.s:7      *ABS*:00000001 __zero_reg__
C:\Users\ulrich\AppData\Local\Temp/ccQlWNRh.s:18     .text:00000000 main
C:\Users\ulrich\AppData\Local\Temp/ccQlWNRh.s:116    .progmem.data:00000000 can_filter

UNDEFINED SYMBOLS
can_init
can_static_filter
can_send_message
can_check_message
can_get_message
